Using pre-set license
Built from '2020.3/staging' branch; Version is '2020.3.4f1 (0abb6314276a) revision 703331'; Using compiler version '192528614'; Build Type 'Release'
OS: 'Windows 10 Home; OS build 22631.2861; Version 2009; 64bit' Language: 'ko' Physical Memory: 16057 MB
BatchMode: 1, IsHumanControllingUs: 0, StartBugReporterOnCrash: 0, Is64bit: 1, IsPro: 0

 COMMAND LINE ARGUMENTS:
C:\Program Files\Unity\Hub\Editor\2020.3.4f1\Editor\Unity.exe
-adb2
-batchMode
-noUpm
-name
AssetImportWorker0
-projectPath
C:/Users/aa007/amomo
-logFile
Logs/AssetImportWorker0.log
-srvPort
62273
Successfully changed project path to: C:/Users/aa007/amomo
C:/Users/aa007/amomo
Using Asset Import Pipeline V2.
Refreshing native plugins compatible for Editor in 41.53 ms, found 1 plugins.
Preloading 0 native plugins for Editor in 0.00 ms.
Initialize engine version: 2020.3.4f1 (0abb6314276a)
[Subsystems] Discovering subsystems at path C:/Program Files/Unity/Hub/Editor/2020.3.4f1/Editor/Data/Resources/UnitySubsystems
[Subsystems] Discovering subsystems at path C:/Users/aa007/amomo/Assets
GfxDevice: creating device client; threaded=0
Direct3D:
    Version:  Direct3D 11.0 [level 11.1]
    Renderer: Intel(R) Iris(R) Xe Graphics (ID=0x9a49)
    Vendor:   
    VRAM:     8028 MB
    Driver:   31.0.101.5084
Initialize mono
Mono path[0] = 'C:/Program Files/Unity/Hub/Editor/2020.3.4f1/Editor/Data/Managed'
Mono path[1] = 'C:/Program Files/Unity/Hub/Editor/2020.3.4f1/Editor/Data/MonoBleedingEdge/lib/mono/unityjit'
Mono config path = 'C:/Program Files/Unity/Hub/Editor/2020.3.4f1/Editor/Data/MonoBleedingEdge/etc'
Using monoOptions --debugger-agent=transport=dt_socket,embedding=1,server=y,suspend=n,address=127.0.0.1:56828
Begin MonoManager ReloadAssembly
Registering precompiled unity dll's ...
Register platform support module: C:/Program Files/Unity/Hub/Editor/2020.3.4f1/Editor/Data/PlaybackEngines/WindowsStandaloneSupport/UnityEditor.WindowsStandalone.Extensions.dll
Registered in 0.002791 seconds.
Native extension for WindowsStandalone target not found
Refreshing native plugins compatible for Editor in 30.94 ms, found 1 plugins.
Preloading 0 native plugins for Editor in 0.00 ms.
Mono: successfully reloaded assembly
- Completed reload, in  2.269 seconds
Platform modules already initialized, skipping
Registering precompiled user dll's ...
Registered in 0.001324 seconds.
Begin MonoManager ReloadAssembly
Native extension for WindowsStandalone target not found
Refreshing native plugins compatible for Editor in 34.82 ms, found 1 plugins.
Preloading 0 native plugins for Editor in 0.00 ms.
Mono: successfully reloaded assembly
- Completed reload, in  0.792 seconds
Platform modules already initialized, skipping
========================================================================
Worker process is ready to serve import requests
Launched and connected shader compiler UnityShaderCompiler.exe after 0.06 seconds
Refreshing native plugins compatible for Editor in 0.30 ms, found 1 plugins.
Preloading 0 native plugins for Editor in 0.00 ms.
Unloading 1820 Unused Serialized files (Serialized files now loaded: 0)
System memory in use before: 87.9 MB.
System memory in use after: 87.9 MB.

Unloading 19 unused Assets to reduce memory usage. Loaded Objects now: 2270.
Total: 1.991800 ms (FindLiveObjects: 0.126100 ms CreateObjectMapping: 0.034300 ms MarkObjects: 1.749000 ms  DeleteObjects: 0.081600 ms)

========================================================================
Received Import Request.
  path: Assets/1. Scripts/Mission/Mission1.cs
  artifactKey: Guid(ab3b5f1e48fd7c94e9e3303e39d931ab) Importer(815301076,1909f56bfc062723c751e8b465ee728b)
Start importing Assets/1. Scripts/Mission/Mission1.cs using Guid(ab3b5f1e48fd7c94e9e3303e39d931ab) Importer(815301076,1909f56bfc062723c751e8b465ee728b)  -> (artifact id: '62f4cd7cb6ab3e6b78fc40f5149ba840') in 0.038625 seconds
  Import took 0.041328 seconds .

========================================================================
Received Import Request.
  Time since last request: 0.000429 seconds.
  path: Assets/1. Scripts/Mission/MissionCtrl.cs
  artifactKey: Guid(06e79b372bc9d494b9d4a9a205bad251) Importer(815301076,1909f56bfc062723c751e8b465ee728b)
Start importing Assets/1. Scripts/Mission/MissionCtrl.cs using Guid(06e79b372bc9d494b9d4a9a205bad251) Importer(815301076,1909f56bfc062723c751e8b465ee728b)  -> (artifact id: '119bb058fa02499b7bb60a6dec09599e') in 0.003981 seconds
  Import took 0.006769 seconds .

========================================================================
Received Import Request.
  Time since last request: 117.263126 seconds.
  path: Assets/1. Scripts/Mission/Mission4.cs
  artifactKey: Guid(778832ee0d708a145b993cfcb52f3220) Importer(815301076,1909f56bfc062723c751e8b465ee728b)
Start importing Assets/1. Scripts/Mission/Mission4.cs using Guid(778832ee0d708a145b993cfcb52f3220) Importer(815301076,1909f56bfc062723c751e8b465ee728b)  -> (artifact id: '2e192823f630c8f01ba82fc655b65764') in 0.005332 seconds
  Import took 0.009040 seconds .

========================================================================
Received Import Request.
  Time since last request: 0.020765 seconds.
  path: Assets/1. Scripts/Mission/Mission4.cs
  artifactKey: Guid(778832ee0d708a145b993cfcb52f3220) Importer(815301076,1909f56bfc062723c751e8b465ee728b)
Start importing Assets/1. Scripts/Mission/Mission4.cs using Guid(778832ee0d708a145b993cfcb52f3220) Importer(815301076,1909f56bfc062723c751e8b465ee728b)  -> (artifact id: '2e192823f630c8f01ba82fc655b65764') in 0.005840 seconds
  Import took 0.009275 seconds .

========================================================================
Received Prepare
Registering precompiled user dll's ...
Registered in 0.001556 seconds.
Begin MonoManager ReloadAssembly
Native extension for WindowsStandalone target not found
Refreshing native plugins compatible for Editor in 0.37 ms, found 1 plugins.
Preloading 0 native plugins for Editor in 0.00 ms.
Mono: successfully reloaded assembly
- Completed reload, in  0.918 seconds
Platform modules already initialized, skipping
Switching build target platform(5) subTarget(0) extendedPlatform(0) -> platform(13) subTarget(537395200) extendedPlatform(0)
Refreshing native plugins compatible for Editor in 0.32 ms, found 1 plugins.
Preloading 0 native plugins for Editor in 0.00 ms.
Unloading 1813 Unused Serialized files (Serialized files now loaded: 0)
System memory in use before: 87.3 MB.
System memory in use after: 87.4 MB.

Unloading 7 unused Assets to reduce memory usage. Loaded Objects now: 2274.
Total: 2.122600 ms (FindLiveObjects: 0.142200 ms CreateObjectMapping: 0.059300 ms MarkObjects: 1.903300 ms  DeleteObjects: 0.016400 ms)

AssetImportParameters requested are different than current active one (requested -> active):
  custom:graphics/normal-map-encoding: 01000000000000000000000000000000 -> 02000000000000000000000000000000
========================================================================
Received Prepare
Registering precompiled user dll's ...
Registered in 0.001493 seconds.
Begin MonoManager ReloadAssembly
Native extension for WindowsStandalone target not found
Refreshing native plugins compatible for Editor in 0.33 ms, found 1 plugins.
Preloading 0 native plugins for Editor in 0.00 ms.
Mono: successfully reloaded assembly
- Completed reload, in  0.924 seconds
Platform modules already initialized, skipping
Switching build target platform(5) subTarget(0) extendedPlatform(0) -> platform(13) subTarget(537395200) extendedPlatform(0)
Refreshing native plugins compatible for Editor in 0.35 ms, found 1 plugins.
Preloading 0 native plugins for Editor in 0.00 ms.
Unloading 1813 Unused Serialized files (Serialized files now loaded: 0)
System memory in use before: 87.3 MB.
System memory in use after: 87.4 MB.

Unloading 7 unused Assets to reduce memory usage. Loaded Objects now: 2278.
Total: 2.147900 ms (FindLiveObjects: 0.250800 ms CreateObjectMapping: 0.041900 ms MarkObjects: 1.834700 ms  DeleteObjects: 0.019300 ms)

AssetImportParameters requested are different than current active one (requested -> active):
  custom:graphics/normal-map-encoding: 01000000000000000000000000000000 -> 02000000000000000000000000000000
========================================================================
Received Prepare
Registering precompiled user dll's ...
Registered in 0.002191 seconds.
Begin MonoManager ReloadAssembly
Native extension for WindowsStandalone target not found
Refreshing native plugins compatible for Editor in 0.63 ms, found 1 plugins.
Preloading 0 native plugins for Editor in 0.00 ms.
Mono: successfully reloaded assembly
- Completed reload, in  1.036 seconds
Platform modules already initialized, skipping
Switching build target platform(5) subTarget(0) extendedPlatform(0) -> platform(13) subTarget(537395200) extendedPlatform(0)
Refreshing native plugins compatible for Editor in 0.33 ms, found 1 plugins.
Preloading 0 native plugins for Editor in 0.00 ms.
Unloading 1813 Unused Serialized files (Serialized files now loaded: 0)
System memory in use before: 87.4 MB.
System memory in use after: 87.5 MB.

Unloading 7 unused Assets to reduce memory usage. Loaded Objects now: 2282.
Total: 2.581100 ms (FindLiveObjects: 0.247800 ms CreateObjectMapping: 0.066600 ms MarkObjects: 2.242400 ms  DeleteObjects: 0.022500 ms)

AssetImportParameters requested are different than current active one (requested -> active):
  custom:graphics/normal-map-encoding: 01000000000000000000000000000000 -> 02000000000000000000000000000000
========================================================================
Received Import Request.
  Time since last request: 143.265422 seconds.
  path: Assets/Resources/Character.prefab
  artifactKey: Guid(9b54415fb444f8d49bc8fa61b97a65bb) Importer(815301076,1909f56bfc062723c751e8b465ee728b)
Start importing Assets/Resources/Character.prefab using Guid(9b54415fb444f8d49bc8fa61b97a65bb) Importer(815301076,1909f56bfc062723c751e8b465ee728b)  -> (artifact id: '4a12c58a8f0703fc079e074d75425def') in 0.100179 seconds
  Import took 0.103318 seconds .

========================================================================
Received Import Request.
  Time since last request: 0.004427 seconds.
  path: Assets/Resources/Character.prefab
  artifactKey: Guid(9b54415fb444f8d49bc8fa61b97a65bb) Importer(815301076,1909f56bfc062723c751e8b465ee728b)
Start importing Assets/Resources/Character.prefab using Guid(9b54415fb444f8d49bc8fa61b97a65bb) Importer(815301076,1909f56bfc062723c751e8b465ee728b)  -> (artifact id: '4a12c58a8f0703fc079e074d75425def') in 0.019717 seconds
  Import took 0.022948 seconds .

========================================================================
Received Prepare
Registering precompiled user dll's ...
Registered in 0.001313 seconds.
Begin MonoManager ReloadAssembly
Native extension for WindowsStandalone target not found
Refreshing native plugins compatible for Editor in 0.35 ms, found 1 plugins.
Preloading 0 native plugins for Editor in 0.00 ms.
Mono: successfully reloaded assembly
- Completed reload, in  0.937 seconds
Platform modules already initialized, skipping
Switching build target platform(5) subTarget(0) extendedPlatform(0) -> platform(13) subTarget(537395200) extendedPlatform(0)
Refreshing native plugins compatible for Editor in 0.29 ms, found 1 plugins.
Preloading 0 native plugins for Editor in 0.00 ms.
Unloading 1813 Unused Serialized files (Serialized files now loaded: 0)
System memory in use before: 90.6 MB.
System memory in use after: 90.7 MB.

Unloading 7 unused Assets to reduce memory usage. Loaded Objects now: 2295.
Total: 1.912200 ms (FindLiveObjects: 0.256100 ms CreateObjectMapping: 0.081900 ms MarkObjects: 1.555600 ms  DeleteObjects: 0.017400 ms)

AssetImportParameters requested are different than current active one (requested -> active):
  custom:graphics/normal-map-encoding: 01000000000000000000000000000000 -> 02000000000000000000000000000000
========================================================================
Received Prepare
Registering precompiled user dll's ...
Registered in 0.002534 seconds.
Begin MonoManager ReloadAssembly
Native extension for WindowsStandalone target not found
Refreshing native plugins compatible for Editor in 0.35 ms, found 1 plugins.
Preloading 0 native plugins for Editor in 0.00 ms.
Mono: successfully reloaded assembly
- Completed reload, in  1.408 seconds
Platform modules already initialized, skipping
Switching build target platform(5) subTarget(0) extendedPlatform(0) -> platform(13) subTarget(537395200) extendedPlatform(0)
Refreshing native plugins compatible for Editor in 0.33 ms, found 1 plugins.
Preloading 0 native plugins for Editor in 0.00 ms.
Unloading 1813 Unused Serialized files (Serialized files now loaded: 0)
System memory in use before: 90.6 MB.
System memory in use after: 90.7 MB.

Unloading 7 unused Assets to reduce memory usage. Loaded Objects now: 2299.
Total: 1.859700 ms (FindLiveObjects: 0.132200 ms CreateObjectMapping: 0.038300 ms MarkObjects: 1.671200 ms  DeleteObjects: 0.016900 ms)

AssetImportParameters requested are different than current active one (requested -> active):
  custom:graphics/normal-map-encoding: 01000000000000000000000000000000 -> 02000000000000000000000000000000
========================================================================
Received Prepare
Registering precompiled user dll's ...
Registered in 0.001776 seconds.
Begin MonoManager ReloadAssembly
Native extension for WindowsStandalone target not found
Refreshing native plugins compatible for Editor in 0.29 ms, found 1 plugins.
Preloading 0 native plugins for Editor in 0.00 ms.
Mono: successfully reloaded assembly
- Completed reload, in  0.844 seconds
Platform modules already initialized, skipping
Switching build target platform(5) subTarget(0) extendedPlatform(0) -> platform(13) subTarget(537395200) extendedPlatform(0)
Refreshing native plugins compatible for Editor in 0.40 ms, found 1 plugins.
Preloading 0 native plugins for Editor in 0.00 ms.
Unloading 1813 Unused Serialized files (Serialized files now loaded: 0)
System memory in use before: 90.6 MB.
System memory in use after: 90.7 MB.

Unloading 7 unused Assets to reduce memory usage. Loaded Objects now: 2303.
Total: 2.212600 ms (FindLiveObjects: 0.217700 ms CreateObjectMapping: 0.062100 ms MarkObjects: 1.904200 ms  DeleteObjects: 0.024000 ms)

AssetImportParameters requested are different than current active one (requested -> active):
  custom:graphics/normal-map-encoding: 01000000000000000000000000000000 -> 02000000000000000000000000000000
========================================================================
Received Import Request.
  Time since last request: 768.199926 seconds.
  path: Assets/1. Scripts/Player/Settings.cs
  artifactKey: Guid(bfc76d2474691354a9242b605173bf40) Importer(815301076,1909f56bfc062723c751e8b465ee728b)
Start importing Assets/1. Scripts/Player/Settings.cs using Guid(bfc76d2474691354a9242b605173bf40) Importer(815301076,1909f56bfc062723c751e8b465ee728b)  -> (artifact id: '2ca71223f51c152af81d57adc3f40726') in 0.011056 seconds
  Import took 0.014843 seconds .

========================================================================
Received Import Request.
  Time since last request: 11.049660 seconds.
  path: Assets/1. Scripts/KillCtrl.cs
  artifactKey: Guid(1c5eff93102a30a4d9e712772593e00e) Importer(815301076,1909f56bfc062723c751e8b465ee728b)
Start importing Assets/1. Scripts/KillCtrl.cs using Guid(1c5eff93102a30a4d9e712772593e00e) Importer(815301076,1909f56bfc062723c751e8b465ee728b)  -> (artifact id: '39080bbdd6b7f0f95e638e7754fea067') in 0.005154 seconds
  Import took 0.008226 seconds .

========================================================================
Received Prepare
Registering precompiled user dll's ...
Registered in 0.001922 seconds.
Begin MonoManager ReloadAssembly
Native extension for WindowsStandalone target not found
Refreshing native plugins compatible for Editor in 0.35 ms, found 1 plugins.
Preloading 0 native plugins for Editor in 0.00 ms.
Mono: successfully reloaded assembly
- Completed reload, in  1.087 seconds
Platform modules already initialized, skipping
Switching build target platform(5) subTarget(0) extendedPlatform(0) -> platform(13) subTarget(537395200) extendedPlatform(0)
Refreshing native plugins compatible for Editor in 0.90 ms, found 1 plugins.
Preloading 0 native plugins for Editor in 0.00 ms.
Unloading 1814 Unused Serialized files (Serialized files now loaded: 0)
System memory in use before: 90.6 MB.
System memory in use after: 90.7 MB.

Unloading 7 unused Assets to reduce memory usage. Loaded Objects now: 2308.
Total: 1.802500 ms (FindLiveObjects: 0.254800 ms CreateObjectMapping: 0.077200 ms MarkObjects: 1.450100 ms  DeleteObjects: 0.019300 ms)

AssetImportParameters requested are different than current active one (requested -> active):
  custom:graphics/normal-map-encoding: 01000000000000000000000000000000 -> 02000000000000000000000000000000
========================================================================
Received Prepare
Registering precompiled user dll's ...
Registered in 0.003346 seconds.
Begin MonoManager ReloadAssembly
Native extension for WindowsStandalone target not found
Refreshing native plugins compatible for Editor in 0.44 ms, found 1 plugins.
Preloading 0 native plugins for Editor in 0.00 ms.
Mono: successfully reloaded assembly
- Completed reload, in  1.339 seconds
Platform modules already initialized, skipping
Switching build target platform(5) subTarget(0) extendedPlatform(0) -> platform(13) subTarget(537395200) extendedPlatform(0)
Refreshing native plugins compatible for Editor in 0.33 ms, found 1 plugins.
Preloading 0 native plugins for Editor in 0.00 ms.
Unloading 1814 Unused Serialized files (Serialized files now loaded: 0)
System memory in use before: 90.6 MB.
System memory in use after: 90.7 MB.

Unloading 7 unused Assets to reduce memory usage. Loaded Objects now: 2312.
Total: 2.281100 ms (FindLiveObjects: 0.119600 ms CreateObjectMapping: 0.028200 ms MarkObjects: 2.099500 ms  DeleteObjects: 0.032400 ms)

AssetImportParameters requested are different than current active one (requested -> active):
  custom:graphics/normal-map-encoding: 01000000000000000000000000000000 -> 02000000000000000000000000000000
========================================================================
Received Prepare
Registering precompiled user dll's ...
Registered in 0.002342 seconds.
Begin MonoManager ReloadAssembly
Native extension for WindowsStandalone target not found
Refreshing native plugins compatible for Editor in 0.40 ms, found 1 plugins.
Preloading 0 native plugins for Editor in 0.00 ms.
Mono: successfully reloaded assembly
- Completed reload, in  1.277 seconds
Platform modules already initialized, skipping
Switching build target platform(5) subTarget(0) extendedPlatform(0) -> platform(13) subTarget(537395200) extendedPlatform(0)
Refreshing native plugins compatible for Editor in 0.42 ms, found 1 plugins.
Preloading 0 native plugins for Editor in 0.00 ms.
Unloading 1814 Unused Serialized files (Serialized files now loaded: 0)
System memory in use before: 90.6 MB.
System memory in use after: 90.8 MB.

Unloading 7 unused Assets to reduce memory usage. Loaded Objects now: 2316.
Total: 2.526300 ms (FindLiveObjects: 0.242600 ms CreateObjectMapping: 0.069800 ms MarkObjects: 2.185400 ms  DeleteObjects: 0.024700 ms)

AssetImportParameters requested are different than current active one (requested -> active):
  custom:graphics/normal-map-encoding: 01000000000000000000000000000000 -> 02000000000000000000000000000000
========================================================================
Received Import Request.
  Time since last request: 275.815639 seconds.
  path: Assets/1. Scripts/KillCtrl.cs
  artifactKey: Guid(1c5eff93102a30a4d9e712772593e00e) Importer(815301076,1909f56bfc062723c751e8b465ee728b)
Start importing Assets/1. Scripts/KillCtrl.cs using Guid(1c5eff93102a30a4d9e712772593e00e) Importer(815301076,1909f56bfc062723c751e8b465ee728b)  -> (artifact id: '399af0d6d390ccd296ddd328e81dc074') in 0.010540 seconds
  Import took 0.013540 seconds .

========================================================================
Received Import Request.
  Time since last request: 305.478258 seconds.
  path: ProjectSettings/TagManager.asset
  artifactKey: Guid(00000000000000003000000000000000) Importer(815301076,1909f56bfc062723c751e8b465ee728b)
Start importing ProjectSettings/TagManager.asset using Guid(00000000000000003000000000000000) Importer(815301076,1909f56bfc062723c751e8b465ee728b)  -> (artifact id: '94165801841d1332bc9babad1b4f2a3e') in 0.016724 seconds
  Import took 0.019703 seconds .

========================================================================
Received Import Request.
  Time since last request: 0.001121 seconds.
  path: ProjectSettings/TagManager.asset
  artifactKey: Guid(00000000000000003000000000000000) Importer(815301076,1909f56bfc062723c751e8b465ee728b)
Start importing ProjectSettings/TagManager.asset using Guid(00000000000000003000000000000000) Importer(815301076,1909f56bfc062723c751e8b465ee728b)  -> (artifact id: '94165801841d1332bc9babad1b4f2a3e') in 0.005092 seconds
  Import took 0.007703 seconds .

========================================================================
Received Prepare
Registering precompiled user dll's ...
Registered in 0.001983 seconds.
Begin MonoManager ReloadAssembly
Native extension for WindowsStandalone target not found
Refreshing native plugins compatible for Editor in 0.29 ms, found 1 plugins.
Preloading 0 native plugins for Editor in 0.00 ms.
Mono: successfully reloaded assembly
- Completed reload, in  1.061 seconds
Platform modules already initialized, skipping
Switching build target platform(5) subTarget(0) extendedPlatform(0) -> platform(13) subTarget(537395200) extendedPlatform(0)
Refreshing native plugins compatible for Editor in 0.29 ms, found 1 plugins.
Preloading 0 native plugins for Editor in 0.00 ms.
Unloading 1814 Unused Serialized files (Serialized files now loaded: 0)
System memory in use before: 90.7 MB.
System memory in use after: 90.8 MB.

Unloading 9 unused Assets to reduce memory usage. Loaded Objects now: 2320.
Total: 2.656700 ms (FindLiveObjects: 0.126100 ms CreateObjectMapping: 0.032900 ms MarkObjects: 2.460900 ms  DeleteObjects: 0.035100 ms)

AssetImportParameters requested are different than current active one (requested -> active):
  custom:graphics/normal-map-encoding: 01000000000000000000000000000000 -> 02000000000000000000000000000000
========================================================================
Received Prepare
Registering precompiled user dll's ...
Registered in 0.003196 seconds.
Begin MonoManager ReloadAssembly
Native extension for WindowsStandalone target not found
Refreshing native plugins compatible for Editor in 0.32 ms, found 1 plugins.
Preloading 0 native plugins for Editor in 0.00 ms.
Mono: successfully reloaded assembly
- Completed reload, in  1.380 seconds
Platform modules already initialized, skipping
Switching build target platform(5) subTarget(0) extendedPlatform(0) -> platform(13) subTarget(537395200) extendedPlatform(0)
Refreshing native plugins compatible for Editor in 0.40 ms, found 1 plugins.
Preloading 0 native plugins for Editor in 0.00 ms.
Unloading 1814 Unused Serialized files (Serialized files now loaded: 0)
System memory in use before: 90.7 MB.
System memory in use after: 90.8 MB.

Unloading 7 unused Assets to reduce memory usage. Loaded Objects now: 2324.
Total: 2.281900 ms (FindLiveObjects: 0.128700 ms CreateObjectMapping: 0.036600 ms MarkObjects: 2.077900 ms  DeleteObjects: 0.036900 ms)

AssetImportParameters requested are different than current active one (requested -> active):
  custom:graphics/normal-map-encoding: 01000000000000000000000000000000 -> 02000000000000000000000000000000
========================================================================
Received Import Request.
  Time since last request: 633.082550 seconds.
  path: Assets/3. Animations/Character.controller
  artifactKey: Guid(371941c5ff82c2e4da596516b54a7c38) Importer(815301076,1909f56bfc062723c751e8b465ee728b)
Start importing Assets/3. Animations/Character.controller using Guid(371941c5ff82c2e4da596516b54a7c38) Importer(815301076,1909f56bfc062723c751e8b465ee728b)  -> (artifact id: '70e05ea9fb265f12daf5a5c4d2dc65e6') in 0.021893 seconds
  Import took 0.024837 seconds .

========================================================================
Received Import Request.
  Time since last request: 3.870321 seconds.
  path: Assets/Resources/Character.prefab
  artifactKey: Guid(9b54415fb444f8d49bc8fa61b97a65bb) Importer(815301076,1909f56bfc062723c751e8b465ee728b)
Start importing Assets/Resources/Character.prefab using Guid(9b54415fb444f8d49bc8fa61b97a65bb) Importer(815301076,1909f56bfc062723c751e8b465ee728b)  -> (artifact id: 'c10b0741a87d9999a676cd21ae63cd3f') in 0.062505 seconds
  Import took 0.065425 seconds .

========================================================================
Received Prepare
Registering precompiled user dll's ...
Registered in 0.001680 seconds.
Begin MonoManager ReloadAssembly
Native extension for WindowsStandalone target not found
Refreshing native plugins compatible for Editor in 0.34 ms, found 1 plugins.
Preloading 0 native plugins for Editor in 0.00 ms.
Mono: successfully reloaded assembly
- Completed reload, in  1.140 seconds
Platform modules already initialized, skipping
Switching build target platform(5) subTarget(0) extendedPlatform(0) -> platform(13) subTarget(537395200) extendedPlatform(0)
Refreshing native plugins compatible for Editor in 0.33 ms, found 1 plugins.
Preloading 0 native plugins for Editor in 0.00 ms.
Unloading 1814 Unused Serialized files (Serialized files now loaded: 0)
System memory in use before: 90.7 MB.
System memory in use after: 90.8 MB.

Unloading 7 unused Assets to reduce memory usage. Loaded Objects now: 2329.
Total: 1.825200 ms (FindLiveObjects: 0.134400 ms CreateObjectMapping: 0.036500 ms MarkObjects: 1.632200 ms  DeleteObjects: 0.020300 ms)

AssetImportParameters requested are different than current active one (requested -> active):
  custom:graphics/normal-map-encoding: 01000000000000000000000000000000 -> 02000000000000000000000000000000
========================================================================
Received Prepare
Registering precompiled user dll's ...
Registered in 0.001523 seconds.
Begin MonoManager ReloadAssembly
Native extension for WindowsStandalone target not found
Refreshing native plugins compatible for Editor in 0.35 ms, found 1 plugins.
Preloading 0 native plugins for Editor in 0.00 ms.
Mono: successfully reloaded assembly
- Completed reload, in  0.870 seconds
Platform modules already initialized, skipping
Switching build target platform(5) subTarget(0) extendedPlatform(0) -> platform(13) subTarget(537395200) extendedPlatform(0)
Refreshing native plugins compatible for Editor in 0.28 ms, found 1 plugins.
Preloading 0 native plugins for Editor in 0.00 ms.
Unloading 1814 Unused Serialized files (Serialized files now loaded: 0)
System memory in use before: 90.7 MB.
System memory in use after: 90.8 MB.

Unloading 7 unused Assets to reduce memory usage. Loaded Objects now: 2333.
Total: 1.594000 ms (FindLiveObjects: 0.126800 ms CreateObjectMapping: 0.029400 ms MarkObjects: 1.420200 ms  DeleteObjects: 0.016300 ms)

AssetImportParameters requested are different than current active one (requested -> active):
  custom:graphics/normal-map-encoding: 01000000000000000000000000000000 -> 02000000000000000000000000000000
========================================================================
Received Prepare
Registering precompiled user dll's ...
Registered in 0.002914 seconds.
Begin MonoManager ReloadAssembly
Native extension for WindowsStandalone target not found
Refreshing native plugins compatible for Editor in 0.38 ms, found 1 plugins.
Preloading 0 native plugins for Editor in 0.00 ms.
Mono: successfully reloaded assembly
- Completed reload, in  1.066 seconds
Platform modules already initialized, skipping
Switching build target platform(5) subTarget(0) extendedPlatform(0) -> platform(13) subTarget(537395200) extendedPlatform(0)
Refreshing native plugins compatible for Editor in 0.37 ms, found 1 plugins.
Preloading 0 native plugins for Editor in 0.00 ms.
Unloading 1814 Unused Serialized files (Serialized files now loaded: 0)
System memory in use before: 90.7 MB.
System memory in use after: 90.8 MB.

Unloading 7 unused Assets to reduce memory usage. Loaded Objects now: 2337.
Total: 1.762700 ms (FindLiveObjects: 0.243500 ms CreateObjectMapping: 0.050300 ms MarkObjects: 1.453500 ms  DeleteObjects: 0.014200 ms)

AssetImportParameters requested are different than current active one (requested -> active):
  custom:graphics/normal-map-encoding: 01000000000000000000000000000000 -> 02000000000000000000000000000000
========================================================================
Received Import Request.
  Time since last request: 1006.798007 seconds.
  path: Assets/Resources/NPC.prefab
  artifactKey: Guid(0882ef6dfc518a64e85c01fe43ccb4e1) Importer(815301076,1909f56bfc062723c751e8b465ee728b)
Start importing Assets/Resources/NPC.prefab using Guid(0882ef6dfc518a64e85c01fe43ccb4e1) Importer(815301076,1909f56bfc062723c751e8b465ee728b)  -> (artifact id: 'd1f1e6d9593beb27657c93c686f34760') in 0.058610 seconds
  Import took 0.063222 seconds .

========================================================================
Received Prepare
Registering precompiled user dll's ...
Registered in 0.001646 seconds.
Begin MonoManager ReloadAssembly
Native extension for WindowsStandalone target not found
Refreshing native plugins compatible for Editor in 0.33 ms, found 1 plugins.
Preloading 0 native plugins for Editor in 0.00 ms.
Mono: successfully reloaded assembly
- Completed reload, in  0.956 seconds
Platform modules already initialized, skipping
Switching build target platform(5) subTarget(0) extendedPlatform(0) -> platform(13) subTarget(537395200) extendedPlatform(0)
Refreshing native plugins compatible for Editor in 0.28 ms, found 1 plugins.
Preloading 0 native plugins for Editor in 0.00 ms.
Unloading 1814 Unused Serialized files (Serialized files now loaded: 0)
System memory in use before: 90.7 MB.
System memory in use after: 90.8 MB.

Unloading 7 unused Assets to reduce memory usage. Loaded Objects now: 2342.
Total: 1.813300 ms (FindLiveObjects: 0.151100 ms CreateObjectMapping: 0.033300 ms MarkObjects: 1.612400 ms  DeleteObjects: 0.015300 ms)

AssetImportParameters requested are different than current active one (requested -> active):
  custom:graphics/normal-map-encoding: 01000000000000000000000000000000 -> 02000000000000000000000000000000
========================================================================
Received Prepare
Registering precompiled user dll's ...
Registered in 0.002267 seconds.
Begin MonoManager ReloadAssembly
Native extension for WindowsStandalone target not found
Refreshing native plugins compatible for Editor in 0.34 ms, found 1 plugins.
Preloading 0 native plugins for Editor in 0.00 ms.
Mono: successfully reloaded assembly
- Completed reload, in  1.151 seconds
Platform modules already initialized, skipping
Switching build target platform(5) subTarget(0) extendedPlatform(0) -> platform(13) subTarget(537395200) extendedPlatform(0)
Refreshing native plugins compatible for Editor in 0.35 ms, found 1 plugins.
Preloading 0 native plugins for Editor in 0.00 ms.
Unloading 1814 Unused Serialized files (Serialized files now loaded: 0)
System memory in use before: 90.7 MB.
System memory in use after: 90.8 MB.

Unloading 7 unused Assets to reduce memory usage. Loaded Objects now: 2346.
Total: 2.114000 ms (FindLiveObjects: 0.241400 ms CreateObjectMapping: 0.106500 ms MarkObjects: 1.743700 ms  DeleteObjects: 0.020200 ms)

AssetImportParameters requested are different than current active one (requested -> active):
  custom:graphics/normal-map-encoding: 01000000000000000000000000000000 -> 02000000000000000000000000000000
========================================================================
Received Prepare
Registering precompiled user dll's ...
Registered in 0.004812 seconds.
Begin MonoManager ReloadAssembly
Native extension for WindowsStandalone target not found
Refreshing native plugins compatible for Editor in 0.35 ms, found 1 plugins.
Preloading 0 native plugins for Editor in 0.00 ms.
Mono: successfully reloaded assembly
- Completed reload, in  1.431 seconds
Platform modules already initialized, skipping
Switching build target platform(5) subTarget(0) extendedPlatform(0) -> platform(13) subTarget(537395200) extendedPlatform(0)
Refreshing native plugins compatible for Editor in 0.28 ms, found 1 plugins.
Preloading 0 native plugins for Editor in 0.00 ms.
Unloading 1814 Unused Serialized files (Serialized files now loaded: 0)
System memory in use before: 90.7 MB.
System memory in use after: 90.9 MB.

Unloading 7 unused Assets to reduce memory usage. Loaded Objects now: 2350.
Total: 1.537800 ms (FindLiveObjects: 0.148400 ms CreateObjectMapping: 0.034200 ms MarkObjects: 1.335600 ms  DeleteObjects: 0.018300 ms)

AssetImportParameters requested are different than current active one (requested -> active):
  custom:graphics/normal-map-encoding: 01000000000000000000000000000000 -> 02000000000000000000000000000000
========================================================================
Received Prepare
Registering precompiled user dll's ...
Registered in 0.002083 seconds.
Begin MonoManager ReloadAssembly
Native extension for WindowsStandalone target not found
Refreshing native plugins compatible for Editor in 0.30 ms, found 1 plugins.
Preloading 0 native plugins for Editor in 0.00 ms.
Mono: successfully reloaded assembly
- Completed reload, in  1.048 seconds
Platform modules already initialized, skipping
Switching build target platform(5) subTarget(0) extendedPlatform(0) -> platform(13) subTarget(537395200) extendedPlatform(0)
Refreshing native plugins compatible for Editor in 0.40 ms, found 1 plugins.
Preloading 0 native plugins for Editor in 0.00 ms.
Unloading 1814 Unused Serialized files (Serialized files now loaded: 0)
System memory in use before: 90.7 MB.
System memory in use after: 90.9 MB.

Unloading 7 unused Assets to reduce memory usage. Loaded Objects now: 2354.
Total: 2.058300 ms (FindLiveObjects: 0.302000 ms CreateObjectMapping: 0.064200 ms MarkObjects: 1.673500 ms  DeleteObjects: 0.017300 ms)

AssetImportParameters requested are different than current active one (requested -> active):
  custom:graphics/normal-map-encoding: 01000000000000000000000000000000 -> 02000000000000000000000000000000
========================================================================
Received Prepare
Registering precompiled user dll's ...
Registered in 0.001404 seconds.
Begin MonoManager ReloadAssembly
Native extension for WindowsStandalone target not found
Refreshing native plugins compatible for Editor in 0.29 ms, found 1 plugins.
Preloading 0 native plugins for Editor in 0.00 ms.
Mono: successfully reloaded assembly
- Completed reload, in  0.962 seconds
Platform modules already initialized, skipping
Switching build target platform(5) subTarget(0) extendedPlatform(0) -> platform(13) subTarget(537395200) extendedPlatform(0)
Refreshing native plugins compatible for Editor in 0.28 ms, found 1 plugins.
Preloading 0 native plugins for Editor in 0.00 ms.
Unloading 1814 Unused Serialized files (Serialized files now loaded: 0)
System memory in use before: 90.8 MB.
System memory in use after: 90.9 MB.

Unloading 7 unused Assets to reduce memory usage. Loaded Objects now: 2358.
Total: 1.737500 ms (FindLiveObjects: 0.191300 ms CreateObjectMapping: 0.035500 ms MarkObjects: 1.493200 ms  DeleteObjects: 0.016200 ms)

AssetImportParameters requested are different than current active one (requested -> active):
  custom:graphics/normal-map-encoding: 01000000000000000000000000000000 -> 02000000000000000000000000000000
========================================================================
Received Import Request.
  Time since last request: 1271.384018 seconds.
  path: Assets/3. Animations/Kill_Anim.controller
  artifactKey: Guid(66f6160161dcea94da718552133dbecd) Importer(815301076,1909f56bfc062723c751e8b465ee728b)
Start importing Assets/3. Animations/Kill_Anim.controller using Guid(66f6160161dcea94da718552133dbecd) Importer(815301076,1909f56bfc062723c751e8b465ee728b)  -> (artifact id: '2e2473d336031cd298dcaf3493b4d46f') in 0.017385 seconds
  Import took 0.020862 seconds .

========================================================================
Received Import Request.
  Time since last request: 5.871059 seconds.
  path: Assets/3. Animations/KillAnimation.anim
  artifactKey: Guid(9beaa4c036f0b3448bdde0e4f755c351) Importer(815301076,1909f56bfc062723c751e8b465ee728b)
Start importing Assets/3. Animations/KillAnimation.anim using Guid(9beaa4c036f0b3448bdde0e4f755c351) Importer(815301076,1909f56bfc062723c751e8b465ee728b)  -> (artifact id: '9a3da15560620cf55bed52cd5f20746f') in 0.010045 seconds
  Import took 0.012556 seconds .

========================================================================
Received Prepare
Registering precompiled user dll's ...
Registered in 0.002455 seconds.
Begin MonoManager ReloadAssembly
Native extension for WindowsStandalone target not found
Refreshing native plugins compatible for Editor in 0.36 ms, found 1 plugins.
Preloading 0 native plugins for Editor in 0.00 ms.
Mono: successfully reloaded assembly
- Completed reload, in  1.065 seconds
Platform modules already initialized, skipping
Switching build target platform(5) subTarget(0) extendedPlatform(0) -> platform(13) subTarget(537395200) extendedPlatform(0)
Refreshing native plugins compatible for Editor in 0.29 ms, found 1 plugins.
Preloading 0 native plugins for Editor in 0.00 ms.
Unloading 1814 Unused Serialized files (Serialized files now loaded: 0)
System memory in use before: 90.8 MB.
System memory in use after: 90.9 MB.

Unloading 7 unused Assets to reduce memory usage. Loaded Objects now: 2362.
Total: 2.339700 ms (FindLiveObjects: 0.200200 ms CreateObjectMapping: 0.067800 ms MarkObjects: 2.053400 ms  DeleteObjects: 0.016900 ms)

AssetImportParameters requested are different than current active one (requested -> active):
  custom:graphics/normal-map-encoding: 01000000000000000000000000000000 -> 02000000000000000000000000000000
========================================================================
Received Import Request.
  Time since last request: 503.789682 seconds.
  path: Assets/1. Scripts/NPCCtrl.cs
  artifactKey: Guid(b80f55ca95d4b6449ac378bd0fa607a1) Importer(815301076,1909f56bfc062723c751e8b465ee728b)
Start importing Assets/1. Scripts/NPCCtrl.cs using Guid(b80f55ca95d4b6449ac378bd0fa607a1) Importer(815301076,1909f56bfc062723c751e8b465ee728b)  -> (artifact id: '132a497aa75b5503aed16faa5043baf2') in 0.009150 seconds
  Import took 0.012454 seconds .

========================================================================
Received Prepare
Registering precompiled user dll's ...
Registered in 0.001899 seconds.
Begin MonoManager ReloadAssembly
Native extension for WindowsStandalone target not found
Refreshing native plugins compatible for Editor in 0.32 ms, found 1 plugins.
Preloading 0 native plugins for Editor in 0.00 ms.
Mono: successfully reloaded assembly
- Completed reload, in  1.304 seconds
Platform modules already initialized, skipping
Switching build target platform(5) subTarget(0) extendedPlatform(0) -> platform(13) subTarget(537395200) extendedPlatform(0)
Refreshing native plugins compatible for Editor in 0.33 ms, found 1 plugins.
Preloading 0 native plugins for Editor in 0.00 ms.
Unloading 1815 Unused Serialized files (Serialized files now loaded: 0)
System memory in use before: 90.8 MB.
System memory in use after: 90.9 MB.

Unloading 7 unused Assets to reduce memory usage. Loaded Objects now: 2367.
Total: 2.565700 ms (FindLiveObjects: 0.358100 ms CreateObjectMapping: 0.104700 ms MarkObjects: 2.065400 ms  DeleteObjects: 0.035500 ms)

AssetImportParameters requested are different than current active one (requested -> active):
  custom:graphics/normal-map-encoding: 01000000000000000000000000000000 -> 02000000000000000000000000000000
========================================================================
Received Import Request.
  Time since last request: 47.063060 seconds.
  path: Assets/Resources/NPC.prefab
  artifactKey: Guid(0882ef6dfc518a64e85c01fe43ccb4e1) Importer(815301076,1909f56bfc062723c751e8b465ee728b)
Start importing Assets/Resources/NPC.prefab using Guid(0882ef6dfc518a64e85c01fe43ccb4e1) Importer(815301076,1909f56bfc062723c751e8b465ee728b)  -> (artifact id: '0568cd78ce8e35131d29e22572c5b04a') in 0.056623 seconds
  Import took 0.059464 seconds .

========================================================================
Received Prepare
Registering precompiled user dll's ...
Registered in 0.002855 seconds.
Begin MonoManager ReloadAssembly
Native extension for WindowsStandalone target not found
Refreshing native plugins compatible for Editor in 0.29 ms, found 1 plugins.
Preloading 0 native plugins for Editor in 0.00 ms.
Mono: successfully reloaded assembly
- Completed reload, in  0.977 seconds
Platform modules already initialized, skipping
Switching build target platform(5) subTarget(0) extendedPlatform(0) -> platform(13) subTarget(537395200) extendedPlatform(0)
Refreshing native plugins compatible for Editor in 0.32 ms, found 1 plugins.
Preloading 0 native plugins for Editor in 0.00 ms.
Unloading 1815 Unused Serialized files (Serialized files now loaded: 0)
System memory in use before: 90.8 MB.
System memory in use after: 90.9 MB.

Unloading 7 unused Assets to reduce memory usage. Loaded Objects now: 2372.
Total: 1.558400 ms (FindLiveObjects: 0.168800 ms CreateObjectMapping: 0.038200 ms MarkObjects: 1.334500 ms  DeleteObjects: 0.015900 ms)

AssetImportParameters requested are different than current active one (requested -> active):
  custom:graphics/normal-map-encoding: 01000000000000000000000000000000 -> 02000000000000000000000000000000
========================================================================
Received Import Request.
  Time since last request: 114.751336 seconds.
  path: Assets/Resources/NPC.prefab
  artifactKey: Guid(0882ef6dfc518a64e85c01fe43ccb4e1) Importer(815301076,1909f56bfc062723c751e8b465ee728b)
Start importing Assets/Resources/NPC.prefab using Guid(0882ef6dfc518a64e85c01fe43ccb4e1) Importer(815301076,1909f56bfc062723c751e8b465ee728b)  -> (artifact id: '5985ec1840ff2f4fa1c9749f16832483') in 0.047198 seconds
  Import took 0.050307 seconds .

========================================================================
Received Import Request.
  Time since last request: 0.000539 seconds.
  path: Assets/Resources/NPC.prefab
  artifactKey: Guid(0882ef6dfc518a64e85c01fe43ccb4e1) Importer(815301076,1909f56bfc062723c751e8b465ee728b)
Start importing Assets/Resources/NPC.prefab using Guid(0882ef6dfc518a64e85c01fe43ccb4e1) Importer(815301076,1909f56bfc062723c751e8b465ee728b)  -> (artifact id: '5985ec1840ff2f4fa1c9749f16832483') in 0.012874 seconds
  Import took 0.015568 seconds .

========================================================================
Received Import Request.
  Time since last request: 12.414519 seconds.
  path: Assets/Resources/NPC.prefab
  artifactKey: Guid(0882ef6dfc518a64e85c01fe43ccb4e1) Importer(815301076,1909f56bfc062723c751e8b465ee728b)
Start importing Assets/Resources/NPC.prefab using Guid(0882ef6dfc518a64e85c01fe43ccb4e1) Importer(815301076,1909f56bfc062723c751e8b465ee728b)  -> (artifact id: '8a16e9a51d13b8ca8fc8a14572d0bbd7') in 0.015694 seconds
  Import took 0.018894 seconds .

========================================================================
Received Import Request.
  Time since last request: 1.471245 seconds.
  path: Assets/Resources/NPC.prefab
  artifactKey: Guid(0882ef6dfc518a64e85c01fe43ccb4e1) Importer(815301076,1909f56bfc062723c751e8b465ee728b)
Start importing Assets/Resources/NPC.prefab using Guid(0882ef6dfc518a64e85c01fe43ccb4e1) Importer(815301076,1909f56bfc062723c751e8b465ee728b)  -> (artifact id: '049a71c766b6ba728b88a3f51111694e') in 0.014666 seconds
  Import took 0.017438 seconds .

========================================================================
Received Import Request.
  Time since last request: 19.224967 seconds.
  path: Assets/Resources/NPC.prefab
  artifactKey: Guid(0882ef6dfc518a64e85c01fe43ccb4e1) Importer(815301076,1909f56bfc062723c751e8b465ee728b)
Start importing Assets/Resources/NPC.prefab using Guid(0882ef6dfc518a64e85c01fe43ccb4e1) Importer(815301076,1909f56bfc062723c751e8b465ee728b)  -> (artifact id: '0a7df998106e81943bf136b0819ea55c') in 0.014263 seconds
  Import took 0.017480 seconds .

========================================================================
Received Import Request.
  Time since last request: 1.840218 seconds.
  path: Assets/Resources/NPC.prefab
  artifactKey: Guid(0882ef6dfc518a64e85c01fe43ccb4e1) Importer(815301076,1909f56bfc062723c751e8b465ee728b)
Start importing Assets/Resources/NPC.prefab using Guid(0882ef6dfc518a64e85c01fe43ccb4e1) Importer(815301076,1909f56bfc062723c751e8b465ee728b)  -> (artifact id: '9cffb318bfd86a839ebdd290f7342071') in 0.015097 seconds
  Import took 0.018695 seconds .

========================================================================
Received Import Request.
  Time since last request: 4.633554 seconds.
  path: Assets/Resources/NPC.prefab
  artifactKey: Guid(0882ef6dfc518a64e85c01fe43ccb4e1) Importer(815301076,1909f56bfc062723c751e8b465ee728b)
Start importing Assets/Resources/NPC.prefab using Guid(0882ef6dfc518a64e85c01fe43ccb4e1) Importer(815301076,1909f56bfc062723c751e8b465ee728b)  -> (artifact id: '3ddda72b2485ef0f812c43da4e38ee45') in 0.013825 seconds
  Import took 0.017134 seconds .

========================================================================
Received Import Request.
  Time since last request: 1.420248 seconds.
  path: Assets/Resources/NPC.prefab
  artifactKey: Guid(0882ef6dfc518a64e85c01fe43ccb4e1) Importer(815301076,1909f56bfc062723c751e8b465ee728b)
Start importing Assets/Resources/NPC.prefab using Guid(0882ef6dfc518a64e85c01fe43ccb4e1) Importer(815301076,1909f56bfc062723c751e8b465ee728b)  -> (artifact id: '35133e3038f12fd5c25631683a075783') in 0.014119 seconds
  Import took 0.017273 seconds .

========================================================================
Received Import Request.
  Time since last request: 2.715998 seconds.
  path: Assets/Resources/NPC.prefab
  artifactKey: Guid(0882ef6dfc518a64e85c01fe43ccb4e1) Importer(815301076,1909f56bfc062723c751e8b465ee728b)
Start importing Assets/Resources/NPC.prefab using Guid(0882ef6dfc518a64e85c01fe43ccb4e1) Importer(815301076,1909f56bfc062723c751e8b465ee728b)  -> (artifact id: 'c8e1de5a89147cb424a7ba41b03820d2') in 0.015960 seconds
  Import took 0.020336 seconds .

========================================================================
Received Import Request.
  Time since last request: 9.369594 seconds.
  path: Assets/Resources/NPC.prefab
  artifactKey: Guid(0882ef6dfc518a64e85c01fe43ccb4e1) Importer(815301076,1909f56bfc062723c751e8b465ee728b)
Start importing Assets/Resources/NPC.prefab using Guid(0882ef6dfc518a64e85c01fe43ccb4e1) Importer(815301076,1909f56bfc062723c751e8b465ee728b)  -> (artifact id: '4c1539c8bd8fb091bcf5353d3e1e6674') in 0.018766 seconds
  Import took 0.022250 seconds .

========================================================================
Received Import Request.
  Time since last request: 1.840271 seconds.
  path: Assets/Resources/NPC.prefab
  artifactKey: Guid(0882ef6dfc518a64e85c01fe43ccb4e1) Importer(815301076,1909f56bfc062723c751e8b465ee728b)
Start importing Assets/Resources/NPC.prefab using Guid(0882ef6dfc518a64e85c01fe43ccb4e1) Importer(815301076,1909f56bfc062723c751e8b465ee728b)  -> (artifact id: 'f55f18ea59cbf72c0da044b210923704') in 0.019899 seconds
  Import took 0.023002 seconds .

========================================================================
Received Import Request.
  Time since last request: 2.292956 seconds.
  path: Assets/Resources/NPC.prefab
  artifactKey: Guid(0882ef6dfc518a64e85c01fe43ccb4e1) Importer(815301076,1909f56bfc062723c751e8b465ee728b)
Start importing Assets/Resources/NPC.prefab using Guid(0882ef6dfc518a64e85c01fe43ccb4e1) Importer(815301076,1909f56bfc062723c751e8b465ee728b)  -> (artifact id: 'ea48e8ec3666d48fa58075bc029aeb2e') in 0.016019 seconds
  Import took 0.018918 seconds .

========================================================================
Received Import Request.
  Time since last request: 2.381687 seconds.
  path: Assets/Resources/NPC.prefab
  artifactKey: Guid(0882ef6dfc518a64e85c01fe43ccb4e1) Importer(815301076,1909f56bfc062723c751e8b465ee728b)
Start importing Assets/Resources/NPC.prefab using Guid(0882ef6dfc518a64e85c01fe43ccb4e1) Importer(815301076,1909f56bfc062723c751e8b465ee728b)  -> (artifact id: '7f40cfc990fd32b8c43eb5501ad006e4') in 0.017385 seconds
  Import took 0.020223 seconds .

========================================================================
Received Import Request.
  Time since last request: 2.039103 seconds.
  path: Assets/Resources/NPC.prefab
  artifactKey: Guid(0882ef6dfc518a64e85c01fe43ccb4e1) Importer(815301076,1909f56bfc062723c751e8b465ee728b)
Start importing Assets/Resources/NPC.prefab using Guid(0882ef6dfc518a64e85c01fe43ccb4e1) Importer(815301076,1909f56bfc062723c751e8b465ee728b)  -> (artifact id: '678d1d6a1082952fe6f9d836768834ee') in 0.016784 seconds
  Import took 0.020046 seconds .

========================================================================
Received Prepare
Registering precompiled user dll's ...
Registered in 0.003747 seconds.
Begin MonoManager ReloadAssembly
Native extension for WindowsStandalone target not found
Refreshing native plugins compatible for Editor in 0.36 ms, found 1 plugins.
Preloading 0 native plugins for Editor in 0.00 ms.
Mono: successfully reloaded assembly
- Completed reload, in  1.667 seconds
Platform modules already initialized, skipping
Switching build target platform(5) subTarget(0) extendedPlatform(0) -> platform(13) subTarget(537395200) extendedPlatform(0)
Refreshing native plugins compatible for Editor in 0.28 ms, found 1 plugins.
Preloading 0 native plugins for Editor in 0.00 ms.
Unloading 1815 Unused Serialized files (Serialized files now loaded: 0)
System memory in use before: 90.8 MB.
System memory in use after: 90.9 MB.

Unloading 7 unused Assets to reduce memory usage. Loaded Objects now: 2377.
Total: 2.444300 ms (FindLiveObjects: 0.174500 ms CreateObjectMapping: 0.039900 ms MarkObjects: 2.210400 ms  DeleteObjects: 0.018000 ms)

AssetImportParameters requested are different than current active one (requested -> active):
  custom:graphics/normal-map-encoding: 01000000000000000000000000000000 -> 02000000000000000000000000000000
========================================================================
Received Prepare
Registering precompiled user dll's ...
Registered in 0.002662 seconds.
Begin MonoManager ReloadAssembly
Native extension for WindowsStandalone target not found
Refreshing native plugins compatible for Editor in 0.34 ms, found 1 plugins.
Preloading 0 native plugins for Editor in 0.00 ms.
Mono: successfully reloaded assembly
- Completed reload, in  1.703 seconds
Platform modules already initialized, skipping
Switching build target platform(5) subTarget(0) extendedPlatform(0) -> platform(13) subTarget(537395200) extendedPlatform(0)
Refreshing native plugins compatible for Editor in 0.37 ms, found 1 plugins.
Preloading 0 native plugins for Editor in 0.00 ms.
Unloading 1815 Unused Serialized files (Serialized files now loaded: 0)
System memory in use before: 90.8 MB.
System memory in use after: 91.0 MB.

Unloading 7 unused Assets to reduce memory usage. Loaded Objects now: 2381.
Total: 1.649700 ms (FindLiveObjects: 0.131500 ms CreateObjectMapping: 0.033700 ms MarkObjects: 1.466500 ms  DeleteObjects: 0.016900 ms)

AssetImportParameters requested are different than current active one (requested -> active):
  custom:graphics/normal-map-encoding: 01000000000000000000000000000000 -> 02000000000000000000000000000000
========================================================================
Received Prepare
Registering precompiled user dll's ...
Registered in 0.001734 seconds.
Begin MonoManager ReloadAssembly
Native extension for WindowsStandalone target not found
Refreshing native plugins compatible for Editor in 0.50 ms, found 1 plugins.
Preloading 0 native plugins for Editor in 0.00 ms.
Mono: successfully reloaded assembly
- Completed reload, in  1.348 seconds
Platform modules already initialized, skipping
Switching build target platform(5) subTarget(0) extendedPlatform(0) -> platform(13) subTarget(537395200) extendedPlatform(0)
Refreshing native plugins compatible for Editor in 0.28 ms, found 1 plugins.
Preloading 0 native plugins for Editor in 0.00 ms.
Unloading 1815 Unused Serialized files (Serialized files now loaded: 0)
System memory in use before: 90.8 MB.
System memory in use after: 91.0 MB.

Unloading 7 unused Assets to reduce memory usage. Loaded Objects now: 2385.
Total: 2.186300 ms (FindLiveObjects: 0.154800 ms CreateObjectMapping: 0.033900 ms MarkObjects: 1.960400 ms  DeleteObjects: 0.035700 ms)

AssetImportParameters requested are different than current active one (requested -> active):
  custom:graphics/normal-map-encoding: 01000000000000000000000000000000 -> 02000000000000000000000000000000
========================================================================
Received Prepare
Refreshing native plugins compatible for Editor in 3.13 ms, found 1 plugins.
Preloading 0 native plugins for Editor in 0.00 ms.
Unloading 5 Unused Serialized files (Serialized files now loaded: 0)
System memory in use before: 55.2 MB.
System memory in use after: 55.3 MB.

Unloading 5 unused Assets to reduce memory usage. Loaded Objects now: 2385.
Total: 2.464900 ms (FindLiveObjects: 0.179000 ms CreateObjectMapping: 0.037400 ms MarkObjects: 2.213600 ms  DeleteObjects: 0.033700 ms)

========================================================================
Received Prepare
Registering precompiled user dll's ...
Registered in 0.001919 seconds.
Begin MonoManager ReloadAssembly
Native extension for WindowsStandalone target not found
Refreshing native plugins compatible for Editor in 0.29 ms, found 1 plugins.
Preloading 0 native plugins for Editor in 0.00 ms.
Mono: successfully reloaded assembly
- Completed reload, in  1.018 seconds
Platform modules already initialized, skipping
Switching build target platform(5) subTarget(0) extendedPlatform(0) -> platform(13) subTarget(537395200) extendedPlatform(0)
Refreshing native plugins compatible for Editor in 0.41 ms, found 1 plugins.
Preloading 0 native plugins for Editor in 0.00 ms.
Unloading 1815 Unused Serialized files (Serialized files now loaded: 0)
System memory in use before: 90.9 MB.
System memory in use after: 91.0 MB.

Unloading 7 unused Assets to reduce memory usage. Loaded Objects now: 2389.
Total: 3.078500 ms (FindLiveObjects: 0.192300 ms CreateObjectMapping: 0.035500 ms MarkObjects: 2.806200 ms  DeleteObjects: 0.028800 ms)

AssetImportParameters requested are different than current active one (requested -> active):
  custom:graphics/normal-map-encoding: 01000000000000000000000000000000 -> 02000000000000000000000000000000
========================================================================
Received Prepare
Registering precompiled user dll's ...
Registered in 0.001778 seconds.
Begin MonoManager ReloadAssembly
Native extension for WindowsStandalone target not found
Refreshing native plugins compatible for Editor in 0.63 ms, found 1 plugins.
Preloading 0 native plugins for Editor in 0.00 ms.
Mono: successfully reloaded assembly
- Completed reload, in  1.827 seconds
Platform modules already initialized, skipping
Switching build target platform(5) subTarget(0) extendedPlatform(0) -> platform(13) subTarget(537395200) extendedPlatform(0)
Refreshing native plugins compatible for Editor in 0.29 ms, found 1 plugins.
Preloading 0 native plugins for Editor in 0.00 ms.
Unloading 1815 Unused Serialized files (Serialized files now loaded: 0)
System memory in use before: 90.9 MB.
System memory in use after: 91.0 MB.

Unloading 7 unused Assets to reduce memory usage. Loaded Objects now: 2393.
Total: 1.810600 ms (FindLiveObjects: 0.127700 ms CreateObjectMapping: 0.028300 ms MarkObjects: 1.637800 ms  DeleteObjects: 0.015800 ms)

AssetImportParameters requested are different than current active one (requested -> active):
  custom:graphics/normal-map-encoding: 01000000000000000000000000000000 -> 02000000000000000000000000000000
========================================================================
Received Import Request.
  Time since last request: 1439.480639 seconds.
  path: Assets/1. Scripts/Mission/Mission6.cs
  artifactKey: Guid(d5ac60133160a6e4e8c420b033a0457e) Importer(815301076,1909f56bfc062723c751e8b465ee728b)
Start importing Assets/1. Scripts/Mission/Mission6.cs using Guid(d5ac60133160a6e4e8c420b033a0457e) Importer(815301076,1909f56bfc062723c751e8b465ee728b)  -> (artifact id: '8bdce0d98674a440f3b85157a41cef98') in 0.007244 seconds
  Import took 0.010450 seconds .

========================================================================
Received Prepare
Refreshing native plugins compatible for Editor in 7.97 ms, found 1 plugins.
Preloading 0 native plugins for Editor in 0.00 ms.
Unloading 5 Unused Serialized files (Serialized files now loaded: 0)
System memory in use before: 55.2 MB.
System memory in use after: 55.3 MB.

Unloading 5 unused Assets to reduce memory usage. Loaded Objects now: 2393.
Total: 6.689800 ms (FindLiveObjects: 0.699100 ms CreateObjectMapping: 0.152500 ms MarkObjects: 5.783300 ms  DeleteObjects: 0.051500 ms)

AssetImportWorkerClient::OnTransportError - code=2 error=End of file
