c:\users\user\source\repos\자료구조 및 실습\자료구조 및 실습\debug\vc141.pdb
c:\users\user\source\repos\자료구조 및 실습\자료구조 및 실습\debug\vc141.idb
c:\users\user\source\repos\자료구조 및 실습\자료구조 및 실습\debug\2주차 실습.obj
c:\users\user\source\repos\자료구조 및 실습\자료구조 및 실습\debug\1주차 실습.obj
c:\users\user\source\repos\자료구조 및 실습\자료구조 및 실습\debug\3-2.obj
c:\users\user\source\repos\자료구조 및 실습\자료구조 및 실습\debug\3주차 실습.obj
c:\users\user\source\repos\자료구조 및 실습\자료구조 및 실습\debug\과제 1.obj
c:\users\user\source\repos\자료구조 및 실습\자료구조 및 실습\debug\과제 2.obj
c:\users\user\source\repos\자료구조 및 실습\자료구조 및 실습\debug\4주차 실습.obj
c:\users\user\source\repos\자료구조 및 실습\자료구조 및 실습\debug\6주차 실습.obj
c:\users\user\source\repos\자료구조 및 실습\자료구조 및 실습\debug\5주차 실습.obj
c:\users\user\source\repos\자료구조 및 실습\자료구조 및 실습\debug\9주차 실습.obj
c:\users\user\source\repos\자료구조 및 실습\자료구조 및 실습\debug\10주차 실습.obj
c:\users\user\source\repos\자료구조 및 실습\자료구조 및 실습\debug\11주차 실습.obj
c:\users\user\source\repos\자료구조 및 실습\debug\자료구조 및 실습.ilk
c:\users\user\source\repos\자료구조 및 실습\debug\자료구조 및 실습.exe
c:\users\user\source\repos\자료구조 및 실습\debug\자료구조 및 실습.pdb
c:\users\user\source\repos\자료구조 및 실습\자료구조 및 실습\debug\2주차 실습.obj.enc
c:\users\user\source\repos\자료구조 및 실습\자료구조 및 실습\debug\자료구조 및 실습.tlog\cl.command.1.tlog
c:\users\user\source\repos\자료구조 및 실습\자료구조 및 실습\debug\자료구조 및 실습.tlog\cl.read.1.tlog
c:\users\user\source\repos\자료구조 및 실습\자료구조 및 실습\debug\자료구조 및 실습.tlog\cl.write.1.tlog
c:\users\user\source\repos\자료구조 및 실습\자료구조 및 실습\debug\자료구조 및 실습.tlog\link.command.1.tlog
c:\users\user\source\repos\자료구조 및 실습\자료구조 및 실습\debug\자료구조 및 실습.tlog\link.read.1.tlog
c:\users\user\source\repos\자료구조 및 실습\자료구조 및 실습\debug\자료구조 및 실습.tlog\link.write.1.tlog
